<?xml version="1.0" encoding="UTF-8"?>
<testsuite name="CensusAnalyserTest" tests="1" skipped="0" failures="0" errors="0" timestamp="2020-03-17T19:27:42" hostname="admin1-HP-Notebook" time="0.138">
  <properties/>
  <testcase name="givenIndiaStateCodeData_WithWrongFileHeader_ShouldThrowException" classname="CensusAnalyserTest" time="0.138"/>
  <system-out><![CDATA[]]></system-out>
  <system-err><![CDATA[]]></system-err>
</testsuite>
